2025-12-26 18:51:50,121 - elsapy.elsclient - INFO - Module loaded.
2025-12-26 18:51:50,124 - elsapy.elsentity - INFO - Module loaded.
2025-12-26 18:51:50,124 - elsapy.elsdoc - INFO - Module loaded.
2025-12-26 18:55:39,845 - elsapy.elsclient - INFO - Sending GET request to https://api.elsevier.com/content/article/pii/j.jnoncrysol.2013.01.048
2025-12-26 18:55:40,205 - elsapy.elsentity - WARNING - HTTP 404 Error from https://api.elsevier.com/content/article/pii/j.jnoncrysol.2013.01.048
and using headers {'X-ELS-APIKey': None, 'User-Agent': 'elsapy-v0.5.1', 'Accept': 'application/json'}:
{"service-error":{"status":{"statusCode":"RESOURCE_NOT_FOUND","statusText":"The resource specified cannot be found."}}}
2025-12-26 18:55:41,205 - elsapy.elsclient - INFO - Sending GET request to https://api.elsevier.com/content/article/pii/j.optmat.2017.01.038
2025-12-26 18:55:41,543 - elsapy.elsentity - WARNING - HTTP 404 Error from https://api.elsevier.com/content/article/pii/j.optmat.2017.01.038
and using headers {'X-ELS-APIKey': None, 'User-Agent': 'elsapy-v0.5.1', 'Accept': 'application/json'}:
{"service-error":{"status":{"statusCode":"RESOURCE_NOT_FOUND","statusText":"The resource specified cannot be found."}}}
2025-12-26 18:55:42,543 - elsapy.elsclient - INFO - Sending GET request to https://api.elsevier.com/content/article/pii/0144-2449(85)90126-5
2025-12-26 18:55:43,041 - elsapy.elsentity - INFO - Data loaded for https://api.elsevier.com/content/article/pii/0144-2449(85)90126-5
2025-12-26 18:55:44,041 - elsapy.elsclient - INFO - Sending GET request to https://api.elsevier.com/content/article/pii/j.apsusc.2009.07.068
2025-12-26 18:55:44,396 - elsapy.elsentity - WARNING - HTTP 404 Error from https://api.elsevier.com/content/article/pii/j.apsusc.2009.07.068
and using headers {'X-ELS-APIKey': None, 'User-Agent': 'elsapy-v0.5.1', 'Accept': 'application/json'}:
{"service-error":{"status":{"statusCode":"RESOURCE_NOT_FOUND","statusText":"The resource specified cannot be found."}}}
2025-12-26 18:55:45,396 - elsapy.elsclient - INFO - Sending GET request to https://api.elsevier.com/content/article/pii/j.ceramint.2011.05.074
2025-12-26 18:55:45,707 - elsapy.elsentity - WARNING - HTTP 404 Error from https://api.elsevier.com/content/article/pii/j.ceramint.2011.05.074
and using headers {'X-ELS-APIKey': None, 'User-Agent': 'elsapy-v0.5.1', 'Accept': 'application/json'}:
{"service-error":{"status":{"statusCode":"RESOURCE_NOT_FOUND","statusText":"The resource specified cannot be found."}}}
2025-12-26 18:56:00,492 - elsapy.elsclient - INFO - Sending GET request to https://api.elsevier.com/content/article/pii/j.jnoncrysol.2013.01.048
2025-12-26 18:56:00,748 - elsapy.elsentity - WARNING - HTTP 429 Error from https://api.elsevier.com/content/article/pii/j.jnoncrysol.2013.01.048
and using headers {'X-ELS-APIKey': None, 'User-Agent': 'elsapy-v0.5.1', 'Accept': 'application/json'}:
{"error-response":{"error-code":"RATE_LIMIT_EXCEEDED","error-message":"Rate of requests exceeds specified limits. Recommend lowering request rate and/or concurrency of requests."}}
2025-12-26 18:56:01,748 - elsapy.elsclient - INFO - Sending GET request to https://api.elsevier.com/content/article/pii/j.optmat.2017.01.038
2025-12-26 18:56:02,113 - elsapy.elsentity - WARNING - HTTP 404 Error from https://api.elsevier.com/content/article/pii/j.optmat.2017.01.038
and using headers {'X-ELS-APIKey': None, 'User-Agent': 'elsapy-v0.5.1', 'Accept': 'application/json'}:
{"service-error":{"status":{"statusCode":"RESOURCE_NOT_FOUND","statusText":"The resource specified cannot be found."}}}
2025-12-26 18:56:03,113 - elsapy.elsclient - INFO - Sending GET request to https://api.elsevier.com/content/article/pii/0144-2449(85)90126-5
2025-12-26 18:56:03,599 - elsapy.elsentity - INFO - Data loaded for https://api.elsevier.com/content/article/pii/0144-2449(85)90126-5
2025-12-26 18:56:04,598 - elsapy.elsclient - INFO - Sending GET request to https://api.elsevier.com/content/article/pii/j.apsusc.2009.07.068
2025-12-26 18:56:04,924 - elsapy.elsentity - WARNING - HTTP 404 Error from https://api.elsevier.com/content/article/pii/j.apsusc.2009.07.068
and using headers {'X-ELS-APIKey': None, 'User-Agent': 'elsapy-v0.5.1', 'Accept': 'application/json'}:
{"service-error":{"status":{"statusCode":"RESOURCE_NOT_FOUND","statusText":"The resource specified cannot be found."}}}
2025-12-26 18:56:05,924 - elsapy.elsclient - INFO - Sending GET request to https://api.elsevier.com/content/article/pii/j.ceramint.2011.05.074
2025-12-26 18:56:06,246 - elsapy.elsentity - WARNING - HTTP 404 Error from https://api.elsevier.com/content/article/pii/j.ceramint.2011.05.074
and using headers {'X-ELS-APIKey': None, 'User-Agent': 'elsapy-v0.5.1', 'Accept': 'application/json'}:
{"service-error":{"status":{"statusCode":"RESOURCE_NOT_FOUND","statusText":"The resource specified cannot be found."}}}
2025-12-26 18:56:07,246 - elsapy.elsclient - INFO - Sending GET request to https://api.elsevier.com/content/article/pii/j.jhazmat.2015.12.023
2025-12-26 18:56:07,595 - elsapy.elsentity - WARNING - HTTP 404 Error from https://api.elsevier.com/content/article/pii/j.jhazmat.2015.12.023
and using headers {'X-ELS-APIKey': None, 'User-Agent': 'elsapy-v0.5.1', 'Accept': 'application/json'}:
{"service-error":{"status":{"statusCode":"RESOURCE_NOT_FOUND","statusText":"The resource specified cannot be found."}}}
2025-12-26 18:56:08,596 - elsapy.elsclient - INFO - Sending GET request to https://api.elsevier.com/content/article/pii/j.sab.2017.03.018
2025-12-26 18:56:08,989 - elsapy.elsentity - WARNING - HTTP 404 Error from https://api.elsevier.com/content/article/pii/j.sab.2017.03.018
and using headers {'X-ELS-APIKey': None, 'User-Agent': 'elsapy-v0.5.1', 'Accept': 'application/json'}:
{"service-error":{"status":{"statusCode":"RESOURCE_NOT_FOUND","statusText":"The resource specified cannot be found."}}}
2025-12-26 18:56:09,989 - elsapy.elsclient - INFO - Sending GET request to https://api.elsevier.com/content/article/pii/j.apsusc.2013.04.079
2025-12-26 18:56:10,314 - elsapy.elsentity - WARNING - HTTP 404 Error from https://api.elsevier.com/content/article/pii/j.apsusc.2013.04.079
and using headers {'X-ELS-APIKey': None, 'User-Agent': 'elsapy-v0.5.1', 'Accept': 'application/json'}:
{"service-error":{"status":{"statusCode":"RESOURCE_NOT_FOUND","statusText":"The resource specified cannot be found."}}}
2025-12-26 18:56:11,314 - elsapy.elsclient - INFO - Sending GET request to https://api.elsevier.com/content/article/pii/S0160-4120(96)00194-8
2025-12-26 18:56:11,812 - elsapy.elsentity - INFO - Data loaded for https://api.elsevier.com/content/article/pii/S0160-4120(96)00194-8
2025-12-26 18:56:12,812 - elsapy.elsclient - INFO - Sending GET request to https://api.elsevier.com/content/article/pii/j.jallcom.2012.05.009
2025-12-26 18:56:13,169 - elsapy.elsentity - WARNING - HTTP 404 Error from https://api.elsevier.com/content/article/pii/j.jallcom.2012.05.009
and using headers {'X-ELS-APIKey': None, 'User-Agent': 'elsapy-v0.5.1', 'Accept': 'application/json'}:
{"service-error":{"status":{"statusCode":"RESOURCE_NOT_FOUND","statusText":"The resource specified cannot be found."}}}
2025-12-26 18:56:47,075 - elsapy.elsclient - INFO - Sending GET request to https://api.elsevier.com/content/article/pii/j.jnoncrysol.2013.01.048
2025-12-26 18:56:47,393 - elsapy.elsentity - WARNING - HTTP 404 Error from https://api.elsevier.com/content/article/pii/j.jnoncrysol.2013.01.048
and using headers {'X-ELS-APIKey': None, 'User-Agent': 'elsapy-v0.5.1', 'Accept': 'application/json'}:
{"service-error":{"status":{"statusCode":"RESOURCE_NOT_FOUND","statusText":"The resource specified cannot be found."}}}
2025-12-26 18:56:48,393 - elsapy.elsclient - INFO - Sending GET request to https://doi.org/10.1016/j.jnoncrysol.2013.01.048
2025-12-26 18:56:50,590 - elsapy.elsclient - INFO - Sending GET request to https://api.elsevier.com/content/article/pii/j.optmat.2017.01.038
2025-12-26 18:56:50,959 - elsapy.elsentity - WARNING - HTTP 404 Error from https://api.elsevier.com/content/article/pii/j.optmat.2017.01.038
and using headers {'X-ELS-APIKey': None, 'User-Agent': 'elsapy-v0.5.1', 'Accept': 'application/json'}:
{"service-error":{"status":{"statusCode":"RESOURCE_NOT_FOUND","statusText":"The resource specified cannot be found."}}}
2025-12-26 18:56:51,960 - elsapy.elsclient - INFO - Sending GET request to https://doi.org/10.1016/j.optmat.2017.01.038
2025-12-26 18:56:54,137 - elsapy.elsclient - INFO - Sending GET request to https://api.elsevier.com/content/article/pii/0144-2449(85)90126-5
2025-12-26 18:56:54,624 - elsapy.elsentity - INFO - Data loaded for https://api.elsevier.com/content/article/pii/0144-2449(85)90126-5
2025-12-26 18:56:55,624 - elsapy.elsclient - INFO - Sending GET request to https://doi.org/10.1016/0144-2449(85)90126-5
2025-12-26 18:56:57,805 - elsapy.elsclient - INFO - Sending GET request to https://api.elsevier.com/content/article/pii/j.apsusc.2009.07.068
2025-12-26 18:56:58,109 - elsapy.elsentity - WARNING - HTTP 404 Error from https://api.elsevier.com/content/article/pii/j.apsusc.2009.07.068
and using headers {'X-ELS-APIKey': None, 'User-Agent': 'elsapy-v0.5.1', 'Accept': 'application/json'}:
{"service-error":{"status":{"statusCode":"RESOURCE_NOT_FOUND","statusText":"The resource specified cannot be found."}}}
2025-12-26 18:56:59,109 - elsapy.elsclient - INFO - Sending GET request to https://doi.org/10.1016/j.apsusc.2009.07.068
2025-12-26 18:57:01,204 - elsapy.elsclient - INFO - Sending GET request to https://api.elsevier.com/content/article/pii/j.ceramint.2011.05.074
2025-12-26 18:57:01,543 - elsapy.elsentity - WARNING - HTTP 404 Error from https://api.elsevier.com/content/article/pii/j.ceramint.2011.05.074
and using headers {'X-ELS-APIKey': None, 'User-Agent': 'elsapy-v0.5.1', 'Accept': 'application/json'}:
{"service-error":{"status":{"statusCode":"RESOURCE_NOT_FOUND","statusText":"The resource specified cannot be found."}}}
2025-12-26 18:57:02,543 - elsapy.elsclient - INFO - Sending GET request to https://doi.org/10.1016/j.ceramint.2011.05.074
2025-12-26 18:57:04,518 - elsapy.elsclient - INFO - Sending GET request to https://api.elsevier.com/content/article/pii/j.jhazmat.2015.12.023
2025-12-26 18:57:04,830 - elsapy.elsentity - WARNING - HTTP 404 Error from https://api.elsevier.com/content/article/pii/j.jhazmat.2015.12.023
and using headers {'X-ELS-APIKey': None, 'User-Agent': 'elsapy-v0.5.1', 'Accept': 'application/json'}:
{"service-error":{"status":{"statusCode":"RESOURCE_NOT_FOUND","statusText":"The resource specified cannot be found."}}}
2025-12-26 18:57:05,831 - elsapy.elsclient - INFO - Sending GET request to https://doi.org/10.1016/j.jhazmat.2015.12.023
2025-12-26 18:57:07,985 - elsapy.elsclient - INFO - Sending GET request to https://api.elsevier.com/content/article/pii/j.sab.2017.03.018
2025-12-26 18:57:08,323 - elsapy.elsentity - WARNING - HTTP 404 Error from https://api.elsevier.com/content/article/pii/j.sab.2017.03.018
and using headers {'X-ELS-APIKey': None, 'User-Agent': 'elsapy-v0.5.1', 'Accept': 'application/json'}:
{"service-error":{"status":{"statusCode":"RESOURCE_NOT_FOUND","statusText":"The resource specified cannot be found."}}}
2025-12-26 18:57:09,324 - elsapy.elsclient - INFO - Sending GET request to https://doi.org/10.1016/j.sab.2017.03.018
2025-12-26 18:57:11,271 - elsapy.elsclient - INFO - Sending GET request to https://api.elsevier.com/content/article/pii/j.apsusc.2013.04.079
2025-12-26 18:57:11,594 - elsapy.elsentity - WARNING - HTTP 404 Error from https://api.elsevier.com/content/article/pii/j.apsusc.2013.04.079
and using headers {'X-ELS-APIKey': None, 'User-Agent': 'elsapy-v0.5.1', 'Accept': 'application/json'}:
{"service-error":{"status":{"statusCode":"RESOURCE_NOT_FOUND","statusText":"The resource specified cannot be found."}}}
2025-12-26 18:57:12,594 - elsapy.elsclient - INFO - Sending GET request to https://doi.org/10.1016/j.apsusc.2013.04.079
2025-12-26 18:57:42,700 - elsapy.elsclient - INFO - Sending GET request to https://api.elsevier.com/content/article/pii/j.jnoncrysol.2013.01.048
2025-12-26 18:57:43,019 - elsapy.elsentity - WARNING - HTTP 404 Error from https://api.elsevier.com/content/article/pii/j.jnoncrysol.2013.01.048
and using headers {'X-ELS-APIKey': None, 'User-Agent': 'elsapy-v0.5.1', 'Accept': 'application/json'}:
{"service-error":{"status":{"statusCode":"RESOURCE_NOT_FOUND","statusText":"The resource specified cannot be found."}}}
2025-12-26 18:57:44,020 - elsapy.elsclient - INFO - Sending GET request to https://doi.org/10.1016/j.jnoncrysol.2013.01.048
2025-12-26 18:57:46,125 - elsapy.elsclient - INFO - Sending GET request to https://api.elsevier.com/content/article/pii/j.optmat.2017.01.038
2025-12-26 18:57:46,454 - elsapy.elsentity - WARNING - HTTP 404 Error from https://api.elsevier.com/content/article/pii/j.optmat.2017.01.038
and using headers {'X-ELS-APIKey': None, 'User-Agent': 'elsapy-v0.5.1', 'Accept': 'application/json'}:
{"service-error":{"status":{"statusCode":"RESOURCE_NOT_FOUND","statusText":"The resource specified cannot be found."}}}
2025-12-26 18:57:47,454 - elsapy.elsclient - INFO - Sending GET request to https://doi.org/10.1016/j.optmat.2017.01.038
2025-12-26 18:57:49,396 - elsapy.elsclient - INFO - Sending GET request to https://api.elsevier.com/content/article/pii/0144-2449(85)90126-5
2025-12-26 18:57:49,820 - elsapy.elsentity - INFO - Data loaded for https://api.elsevier.com/content/article/pii/0144-2449(85)90126-5
2025-12-26 18:57:50,820 - elsapy.elsclient - INFO - Sending GET request to https://doi.org/10.1016/0144-2449(85)90126-5
2025-12-26 18:57:52,914 - elsapy.elsclient - INFO - Sending GET request to https://api.elsevier.com/content/article/pii/j.apsusc.2009.07.068
2025-12-26 18:57:53,249 - elsapy.elsentity - WARNING - HTTP 404 Error from https://api.elsevier.com/content/article/pii/j.apsusc.2009.07.068
and using headers {'X-ELS-APIKey': None, 'User-Agent': 'elsapy-v0.5.1', 'Accept': 'application/json'}:
{"service-error":{"status":{"statusCode":"RESOURCE_NOT_FOUND","statusText":"The resource specified cannot be found."}}}
2025-12-26 18:57:54,250 - elsapy.elsclient - INFO - Sending GET request to https://doi.org/10.1016/j.apsusc.2009.07.068
2025-12-26 18:57:56,354 - elsapy.elsclient - INFO - Sending GET request to https://api.elsevier.com/content/article/pii/j.ceramint.2011.05.074
2025-12-26 18:57:56,666 - elsapy.elsentity - WARNING - HTTP 404 Error from https://api.elsevier.com/content/article/pii/j.ceramint.2011.05.074
and using headers {'X-ELS-APIKey': None, 'User-Agent': 'elsapy-v0.5.1', 'Accept': 'application/json'}:
{"service-error":{"status":{"statusCode":"RESOURCE_NOT_FOUND","statusText":"The resource specified cannot be found."}}}
2025-12-26 18:57:57,666 - elsapy.elsclient - INFO - Sending GET request to https://doi.org/10.1016/j.ceramint.2011.05.074
2025-12-26 18:57:59,600 - elsapy.elsclient - INFO - Sending GET request to https://api.elsevier.com/content/article/pii/j.jhazmat.2015.12.023
2025-12-26 18:58:00,012 - elsapy.elsentity - WARNING - HTTP 404 Error from https://api.elsevier.com/content/article/pii/j.jhazmat.2015.12.023
and using headers {'X-ELS-APIKey': None, 'User-Agent': 'elsapy-v0.5.1', 'Accept': 'application/json'}:
{"service-error":{"status":{"statusCode":"RESOURCE_NOT_FOUND","statusText":"The resource specified cannot be found."}}}
2025-12-26 18:58:01,012 - elsapy.elsclient - INFO - Sending GET request to https://doi.org/10.1016/j.jhazmat.2015.12.023
2025-12-26 18:58:03,174 - elsapy.elsclient - INFO - Sending GET request to https://api.elsevier.com/content/article/pii/j.sab.2017.03.018
2025-12-26 18:58:03,489 - elsapy.elsentity - WARNING - HTTP 404 Error from https://api.elsevier.com/content/article/pii/j.sab.2017.03.018
and using headers {'X-ELS-APIKey': None, 'User-Agent': 'elsapy-v0.5.1', 'Accept': 'application/json'}:
{"service-error":{"status":{"statusCode":"RESOURCE_NOT_FOUND","statusText":"The resource specified cannot be found."}}}
2025-12-26 18:58:04,489 - elsapy.elsclient - INFO - Sending GET request to https://doi.org/10.1016/j.sab.2017.03.018
2025-12-26 18:58:06,436 - elsapy.elsclient - INFO - Sending GET request to https://api.elsevier.com/content/article/pii/j.apsusc.2013.04.079
2025-12-26 18:58:06,779 - elsapy.elsentity - WARNING - HTTP 404 Error from https://api.elsevier.com/content/article/pii/j.apsusc.2013.04.079
and using headers {'X-ELS-APIKey': None, 'User-Agent': 'elsapy-v0.5.1', 'Accept': 'application/json'}:
{"service-error":{"status":{"statusCode":"RESOURCE_NOT_FOUND","statusText":"The resource specified cannot be found."}}}
2025-12-26 18:58:07,780 - elsapy.elsclient - INFO - Sending GET request to https://doi.org/10.1016/j.apsusc.2013.04.079
2025-12-26 18:58:09,821 - elsapy.elsclient - INFO - Sending GET request to https://api.elsevier.com/content/article/pii/S0160-4120(96)00194-8
2025-12-26 18:58:10,246 - elsapy.elsentity - INFO - Data loaded for https://api.elsevier.com/content/article/pii/S0160-4120(96)00194-8
2025-12-26 18:58:11,246 - elsapy.elsclient - INFO - Sending GET request to https://doi.org/10.1016/S0160-4120(96)00194-8
2025-12-26 18:58:13,176 - elsapy.elsclient - INFO - Sending GET request to https://api.elsevier.com/content/article/pii/j.jallcom.2012.05.009
2025-12-26 18:58:13,481 - elsapy.elsentity - WARNING - HTTP 404 Error from https://api.elsevier.com/content/article/pii/j.jallcom.2012.05.009
and using headers {'X-ELS-APIKey': None, 'User-Agent': 'elsapy-v0.5.1', 'Accept': 'application/json'}:
{"service-error":{"status":{"statusCode":"RESOURCE_NOT_FOUND","statusText":"The resource specified cannot be found."}}}
2025-12-26 18:58:14,482 - elsapy.elsclient - INFO - Sending GET request to https://doi.org/10.1016/j.jallcom.2012.05.009
